============================= test session starts =============================
platform win32 -- Python 3.14.2, pytest-9.0.2, pluggy-1.6.0 -- E:\python\python.exe
cachedir: .pytest_cache
metadata: {'Python': '3.14.2', 'Platform': 'Windows-10-10.0.19045-SP0', 'Packages': {'pytest': '9.0.2', 'pluggy': '1.6.0'}, 'Plugins': {'Faker': '40.11.1', 'html': '4.2.0', 'metadata': '3.1.1'}, 'JAVA_HOME': 'C:\\Users\\vignesh.kv\\AppData\\Roaming\\Code\\User\\globalStorage\\pleiades.java-extension-pack-jdk\\java\\25'}
rootdir: E:\AutomationTask\GRC Payroll
plugins: Faker-40.11.1, html-4.2.0, metadata-3.1.1
collecting ... collected 2 items

tests/test_cgm/test_unitMaster.py::test_open_general_master_executive FAILED [ 50%]

================================== FAILURES ===================================
_____________________ test_open_general_master_executive ______________________

driver = <selenium.webdriver.chrome.webdriver.WebDriver (session="eeca2c88f7c9fe585e4fdf597aebdb00")>

    @pytest.mark.regression
    def test_open_general_master_executive(driver):
        """Verify the General Master-Executive flow opens and performs the expected selections."""
        login_page = GRCLoginPage(driver)
    
        username = get_str("auth", "username", "")
        password = get_str("auth", "password", "")
        group_name = get_str("auth", "group", "")
    
        login_page.login(username, password, group_name)
    
        executive_page = unit_Master(driver)
        executive_page.open_general_master_executive()
        executive_page.general_master_menu()
>       executive_page.create_unit_master()

tests\test_cgm\test_unitMaster.py:21: 
_ _ _ _ _ _ _ _ _ _ _ _ _ _ _ _ _ _ _ _ _ _ _ _ _ _ _ _ _ _ _ _ _ _ _ _ _ _ _ _
pages\cgm\unit_master.py:308: in create_unit_master
    set_date_of_creation(self, "01/01/2020")
pages\cgm\date_picker.py:58: in set_date_of_creation
    select_date_in_datepicker(self, "date_of_creation", date_string)
pages\cgm\date_picker.py:30: in select_date_in_datepicker
    self.click(By.XPATH, "//button[@aria-label='Choose month and year']")
pages\base\base_page.py:110: in click
    element = WebDriverWait(self.driver, wait_time).until(EC.element_to_be_clickable(locator))
              ^^^^^^^^^^^^^^^^^^^^^^^^^^^^^^^^^^^^^
_ _ _ _ _ _ _ _ _ _ _ _ _ _ _ _ _ _ _ _ _ _ _ _ _ _ _ _ _ _ _ _ _ _ _ _ _ _ _ _

self = <selenium.webdriver.support.wait.WebDriverWait (session="eeca2c88f7c9fe585e4fdf597aebdb00")>
driver = <selenium.webdriver.chrome.webdriver.WebDriver (session="eeca2c88f7c9fe585e4fdf597aebdb00")>
timeout = "//button[@aria-label='Choose month and year']", poll_frequency = 0.5
ignored_exceptions = None

    def __init__(
        self,
        driver: D,
        timeout: float,
        poll_frequency: float = POLL_FREQUENCY,
        ignored_exceptions: Iterable[type[Exception]] | None = None,
    ):
        """Constructor, takes a WebDriver instance and timeout in seconds.
    
        Args:
            driver: Instance of WebDriver (Ie, Firefox, Chrome or Remote) or
                a WebElement.
            timeout: Number of seconds before timing out.
            poll_frequency: Sleep interval between calls. By default, it is
                0.5 second.
            ignored_exceptions: Iterable structure of exception classes ignored
                during calls. By default, it contains NoSuchElementException only.
    
        Example:
            >>> from selenium.webdriver.common.by import By
            >>> from selenium.webdriver.support.wait import WebDriverWait
            >>> from selenium.common.exceptions import ElementNotVisibleException
            >>>
            >>> # Wait until the element is no longer visible
            >>> is_disappeared = WebDriverWait(driver, 30, 1, (ElementNotVisibleException))
            ...     .until_not(lambda x: x.find_element(By.ID, "someId").is_displayed())
        """
        self._driver = driver
>       self._timeout = float(timeout)
                        ^^^^^^^^^^^^^^
E       ValueError: could not convert string to float: "//button[@aria-label='Choose month and year']"

E:\python\Lib\site-packages\selenium\webdriver\support\wait.py:62: ValueError
---------------------------- Captured stdout setup ----------------------------
2026-04-16 12:22:32 - tests.conftest - INFO - ================================================================================
2026-04-16 12:22:32 - tests.conftest - INFO - TEST SESSION STARTED - OrangeHRM Automation
2026-04-16 12:22:32 - tests.conftest - INFO - ================================================================================
2026-04-16 12:22:32 - tests.conftest - INFO - ================================================================================
2026-04-16 12:22:32 - tests.conftest - INFO - Initializing WebDriver
----------------------------- Captured log setup ------------------------------
INFO     tests.conftest:conftest.py:35 ================================================================================
INFO     tests.conftest:conftest.py:36 TEST SESSION STARTED - OrangeHRM Automation
INFO     tests.conftest:conftest.py:37 ================================================================================
INFO     tests.conftest:conftest.py:22 ================================================================================
INFO     tests.conftest:conftest.py:23 Initializing WebDriver
---------------------------- Captured stdout call -----------------------------
2026-04-16 12:22:49 - GRCLoginPage - INFO - Login page loaded successfully\n2026-04-16 12:22:49 - GRCLoginPage - INFO - Logging in with user: vignesh.kv@aparajitha.com\n2026-04-16 12:22:49 - GRCLoginPage - INFO - Clicked on element: ('xpath', "//button[normalize-space()='\u2715']")\n2026-04-16 12:22:59 - GRCLoginPage - INFO - Closed initial popup before login\n2026-04-16 12:22:59 - GRCLoginPage - INFO - Element found: ('id', 'Username')\n2026-04-16 12:22:59 - GRCLoginPage - INFO - Entered text 'vignesh.kv@aparajitha.com' in element: ('id', 'Username')\n2026-04-16 12:22:59 - GRCLoginPage - INFO - Element found: ('id', 'password')\n2026-04-16 12:23:00 - GRCLoginPage - INFO - Entered text 'Admin@123' in element: ('id', 'password')\n2026-04-16 12:23:00 - GRCLoginPage - INFO - Element found: ('id', 'group_short_name')\n2026-04-16 12:23:00 - GRCLoginPage - INFO - Entered text 'MSO' in element: ('id', 'group_short_name')\n2026-04-16 12:23:40 - GRCLoginPage - INFO - Using captcha element located by: ('xpath', "//input[@name='captcha']/ancestor::div[1]/following::canvas[1]")\n2026-04-16 12:23:40 - GRCLoginPage - INFO - Captcha screenshot saved to: E:\\AutomationTask\\GRC Payroll\\reports\\captchas\\captcha.png\n2026-04-16 12:23:40 - GRCLoginPage - INFO - OCR candidate [quick | --oem 3 --psm 8 -c tessedit_char_whitelist=0123456789ABCDEFGHIJKLMNOPQRSTUVWXYZabcdefghijklmnopqrstuvwxyz]: 'AT2BKa' (confidence=0.00, score=26.00)\n2026-04-16 12:23:40 - GRCLoginPage - INFO - OCR candidate [quick | --oem 3 --psm 7 -c tessedit_char_whitelist=0123456789ABCDEFGHIJKLMNOPQRSTUVWXYZabcdefghijklmnopqrstuvwxyz]: '412HK4' (confidence=0.00, score=25.00)\n2026-04-16 12:23:41 - GRCLoginPage - INFO - OCR candidate [processed | --oem 3 --psm 8 -c tessedit_char_whitelist=0123456789ABCDEFGHIJKLMNOPQRSTUVWXYZabcdefghijklmnopqrstuvwxyz]: 'ATZBKG' (confidence=0.00, score=26.00)\n2026-04-16 12:23:41 - GRCLoginPage - INFO - OCR captcha text: 'AT2BKa'\n2026-04-16 12:23:41 - GRCLoginPage - INFO - Saved captcha text: E:\\AutomationTask\\GRC Payroll\\reports\\captchas\\captcha_text_20260416_122341_273572.txt\n2026-04-16 12:23:41 - GRCLoginPage - INFO - Submitting login attempt 1/5 with captcha.\n2026-04-16 12:23:41 - GRCLoginPage - INFO - Entered captcha: 'AT2BKa'\n2026-04-16 12:23:42 - GRCLoginPage - INFO - Element found: ('xpath', "//button[@id='Sign In']")\n2026-04-16 12:23:43 - GRCLoginPage - INFO - Clicked on element: ('xpath', "//button[@id='Sign In']")\n2026-04-16 12:23:44 - GRCLoginPage - WARNING - Invalid Captcha received on attempt 1/5. Capturing a new captcha and retrying.\n2026-04-16 12:24:24 - GRCLoginPage - INFO - Using captcha element located by: ('xpath', "//input[@name='captcha']/ancestor::div[1]/following::canvas[1]")\n2026-04-16 12:24:24 - GRCLoginPage - INFO - Captcha screenshot saved to: E:\\AutomationTask\\GRC Payroll\\reports\\captchas\\captcha.png\n2026-04-16 12:24:24 - GRCLoginPage - INFO - OCR candidate [quick | --oem 3 --psm 8 -c tessedit_char_whitelist=0123456789ABCDEFGHIJKLMNOPQRSTUVWXYZabcdefghijklmnopqrstuvwxyz]: 'UTVASR' (confidence=0.00, score=26.00)\n2026-04-16 12:24:24 - GRCLoginPage - INFO - OCR candidate [quick | --oem 3 --psm 7 -c tessedit_char_whitelist=0123456789ABCDEFGHIJKLMNOPQRSTUVWXYZabcdefghijklmnopqrstuvwxyz]: 'uiVISR' (confidence=69.00, score=95.00)\n2026-04-16 12:24:24 - GRCLoginPage - INFO - OCR captcha text: 'uiVISR'\n2026-04-16 12:24:24 - GRCLoginPage - INFO - Saved captcha text: E:\\AutomationTask\\GRC Payroll\\reports\\captchas\\captcha_text_20260416_122424_952977.txt\n2026-04-16 12:24:24 - GRCLoginPage - INFO - Submitting login attempt 2/5 with captcha.\n2026-04-16 12:24:25 - GRCLoginPage - INFO - Entered captcha: 'uiVISR'\n2026-04-16 12:24:26 - GRCLoginPage - INFO - Element found: ('xpath', "//button[@id='Sign In']")\n2026-04-16 12:24:26 - GRCLoginPage - INFO - Clicked on element: ('xpath', "//button[@id='Sign In']")\n2026-04-16 12:24:27 - GRCLoginPage - WARNING - Invalid Captcha received on attempt 2/5. Capturing a new captcha and retrying.\n2026-04-16 12:25:08 - GRCLoginPage - INFO - Using captcha element located by: ('xpath', "//input[@name='captcha']/ancestor::div[1]/following::canvas[1]")\n2026-04-16 12:25:08 - GRCLoginPage - INFO - Captcha screenshot saved to: E:\\AutomationTask\\GRC Payroll\\reports\\captchas\\captcha.png\n2026-04-16 12:25:08 - GRCLoginPage - INFO - OCR candidate [quick | --oem 3 --psm 8 -c tessedit_char_whitelist=0123456789ABCDEFGHIJKLMNOPQRSTUVWXYZabcdefghijklmnopqrstuvwxyz]: 'BMYC7B' (confidence=0.00, score=25.00)\n2026-04-16 12:25:08 - GRCLoginPage - INFO - OCR candidate [quick | --oem 3 --psm 7 -c tessedit_char_whitelist=0123456789ABCDEFGHIJKLMNOPQRSTUVWXYZabcdefghijklmnopqrstuvwxyz]: 'BMYC7B' (confidence=0.00, score=25.00)\n2026-04-16 12:25:08 - GRCLoginPage - INFO - OCR candidate [processed | --oem 3 --psm 8 -c tessedit_char_whitelist=0123456789ABCDEFGHIJKLMNOPQRSTUVWXYZabcdefghijklmnopqrstuvwxyz]: 'BMYeTB' (confidence=0.00, score=25.00)\n2026-04-16 12:25:08 - GRCLoginPage - INFO - OCR candidate [processed | --oem 3 --psm 7 -c tessedit_char_whitelist=0123456789ABCDEFGHIJKLMNOPQRSTUVWXYZabcdefghijklmnopqrstuvwxyz]: 'BMYG7B' (confidence=0.00, score=25.00)\n2026-04-16 12:25:08 - GRCLoginPage - INFO - OCR captcha text: 'BMYC7B'\n2026-04-16 12:25:08 - GRCLoginPage - INFO - Saved captcha text: E:\\AutomationTask\\GRC Payroll\\reports\\captchas\\captcha_text_20260416_122508_654057.txt\n2026-04-16 12:25:08 - GRCLoginPage - INFO - Submitting login attempt 3/5 with captcha.\n2026-04-16 12:25:09 - GRCLoginPage - INFO - Entered captcha: 'BMYC7B'\n2026-04-16 12:25:10 - GRCLoginPage - INFO - Element found: ('xpath', "//button[@id='Sign In']")\n2026-04-16 12:25:10 - GRCLoginPage - INFO - Clicked on element: ('xpath', "//button[@id='Sign In']")\n2026-04-16 12:25:22 - GRCLoginPage - INFO - Login action performed\n2026-04-16 12:25:22 - unit_Master - INFO - CGM Executive Dashboard loaded successfully\n2026-04-16 12:25:23 - unit_Master - INFO - Clicked on element: ('xpath', "//button[.//mat-icon[text()='apps']]")\n2026-04-16 12:25:23 - unit_Master - INFO - Clicked on element: ('xpath', "//mat-card[span[text()='General Master-Executive']]")\n2026-04-16 12:25:23 - unit_Master - INFO - Switched to new browser window/tab: 74915177E35EC7411D1729E90A187744\n2026-04-16 12:25:25 - unit_Master - INFO - Switched to General Master-Executive tab and verified URL http://13.203.6.58:5002/#/home/welcome\n2026-04-16 12:25:27 - unit_Master - INFO - Element found: ('xpath', "//input[@placeholder='Search here...' and contains(@class,'mat-input-element')]")\n2026-04-16 12:25:28 - unit_Master - INFO - Entered text 'Microsoft Pure Value' in element: ('xpath', "//input[@placeholder='Search here...' and contains(@class,'mat-input-element')]")\n2026-04-16 12:25:29 - unit_Master - INFO - Element found: ('xpath', '//table//tbody//tr[1]//td')\n2026-04-16 12:25:29 - unit_Master - INFO - Element found: ('xpath', '//table//tbody//tr[1]//td')\n2026-04-16 12:25:30 - unit_Master - INFO - Legal entity row selected successfully.\n2026-04-16 12:25:31 - unit_Master - INFO - Element found: ('xpath', "//button[contains(@class, 'mat-flat-button') and .//mat-icon[@data-mat-icon-name='plus']]")\n2026-04-16 12:25:32 - unit_Master - INFO - Clicked on element: ('xpath', "//button[contains(@class, 'mat-flat-button') and .//mat-icon[@data-mat-icon-name='plus']]")\n2026-04-16 12:25:32 - unit_Master - INFO - Element found: ('xpath', "//span[normalize-space()='General Master(s)']")\n2026-04-16 12:25:33 - unit_Master - INFO - Clicked on element: ('xpath', "//span[normalize-space()='General Master(s)']")\n2026-04-16 12:25:34 - unit_Master - INFO - General Master menu expanded successfully.\n2026-04-16 12:25:34 - unit_Master - INFO - Element found: ('xpath', "//span[normalize-space()='General Master(s)']")\n2026-04-16 12:25:35 - unit_Master - INFO - Clicked on element: ('xpath', "//span[normalize-space()='General Master(s)']")\n2026-04-16 12:25:45 - unit_Master - WARNING - General Master menu did not expand on attempt 1. Retrying with wrapper click.\n2026-04-16 12:25:45 - unit_Master - INFO - Clicked on element: ('xpath', "//span[normalize-space()='General Master(s)']/ancestor::div[contains(@class,'compfie-vertical-navigation-item-wrapper')][1]")\n2026-04-16 12:25:46 - unit_Master - INFO - General Master menu expanded successfully using wrapper click.\n2026-04-16 12:25:46 - unit_Master - INFO - Element found: ('xpath', "//span[normalize-space()='Unit Creation']")\n2026-04-16 12:25:46 - unit_Master - INFO - Clicked on element: ('xpath', "//span[normalize-space()='Unit Creation']")\n2026-04-16 12:25:47 - unit_Master - INFO - Clicked on element: ('xpath', "//button[.//mat-icon[text()='add'] and .//span[contains(normalize-space(),'Add')]]")\n2026-04-16 12:25:49 - unit_Master - INFO - Clicked on element: ('xpath', "//mat-select[.//span[contains(text(),'Choose Business Group')]]")\n2026-04-16 12:25:49 - unit_Master - INFO - Element found: ('xpath', "//input[@aria-label='dropdown search']")\n2026-04-16 12:25:50 - unit_Master - INFO - Entered text 'Microsoft Bussiness Groups' in element: ('xpath', "//input[@aria-label='dropdown search']")\n2026-04-16 12:25:50 - unit_Master - INFO - Element found: ('xpath', "//input[@aria-label='dropdown search']")\n2026-04-16 12:25:50 - unit_Master - INFO - Clicked on element: ('xpath', "//mat-select[@id='country']")\n2026-04-16 12:25:50 - unit_Master - INFO - Element found: ('xpath', "//input[@type='text' and contains(@class,'mat-select-search-input')]")\n2026-04-16 12:25:51 - unit_Master - INFO - Entered text 'India' in element: ('xpath', "//input[@type='text' and contains(@class,'mat-select-search-input')]")\n2026-04-16 12:25:51 - unit_Master - INFO - Element found: ('xpath', "//input[@type='text' and contains(@class,'mat-select-search-input')]")\n2026-04-16 12:25:51 - unit_Master - INFO - Clicked on element: ('xpath', "//mat-select[@id='division']")\n2026-04-16 12:25:51 - unit_Master - INFO - Element found: ('xpath', "//input[@placeholder='Search...']")\n2026-04-16 12:25:52 - unit_Master - INFO - Clicked on element: ('xpath', "//mat-select[@id='category']")\n2026-04-16 12:25:52 - unit_Master - INFO - Element found: ('xpath', "//input[@aria-label='dropdown search']")\n2026-04-16 12:25:52 - unit_Master - INFO - Generated unit name: Nexus Works 471\n2026-04-16 12:25:52 - unit_Master - INFO - Element found: ('xpath', "//input[@id='unit_name']")\n2026-04-16 12:25:53 - unit_Master - INFO - Entered text 'Nexus Works 471' in element: ('xpath', "//input[@id='unit_name']")\n2026-04-16 12:25:53 - unit_Master - INFO - Unit name entered: Nexus Works 471\n2026-04-16 12:25:53 - unit_Master - INFO - Generated unit code: MMB18\n2026-04-16 12:25:53 - unit_Master - INFO - Element found: ('xpath', "//input[@id='unit_code']")\n2026-04-16 12:25:53 - unit_Master - INFO - Entered text 'MMB18' in element: ('xpath', "//input[@id='unit_code']")\n2026-04-16 12:25:53 - unit_Master - INFO - Unit code entered: MMB18\n2026-04-16 12:25:53 - unit_Master - INFO - Generated address: No. 835, Lake View Road, Kolkata, Telangana - 244059\n2026-04-16 12:25:53 - unit_Master - INFO - Element found: ('xpath', "//textarea[@id='unit_addr1']")\n2026-04-16 12:25:54 - unit_Master - INFO - Entered text 'No. 835, Lake View Road, Kolkata, Telangana - 244059' in element: ('xpath', "//textarea[@id='unit_addr1']")\n2026-04-16 12:25:54 - unit_Master - INFO - Unit address entered: No. 835, Lake View Road, Kolkata, Telangana - 244059\n2026-04-16 12:25:54 - unit_Master - INFO - Saved generated unit details to E:\\AutomationTask\\GRC Payroll\\config\\Unit_Master_Data.json: unit_name='Nexus Works 471', unit_code='MMB18', unit_address='No. 835, Lake View Road, Kolkata, Telangana - 244059'\n2026-04-16 12:25:54 - unit_Master - INFO - Clicked on element: ('xpath', "//mat-select[@id='unit_state']")\n2026-04-16 12:25:54 - unit_Master - INFO - Element found: ('xpath', "//input[@aria-label='dropdown search']")\n2026-04-16 12:25:54 - unit_Master - INFO - Entered text 'Meghalaya' in element: ('xpath', "//input[@aria-label='dropdown search']")\n2026-04-16 12:25:55 - unit_Master - INFO - Clicked on element: ('xpath', "(//mat-option[contains(@class,'mat-option')])[2]")\n2026-04-16 12:25:55 - unit_Master - INFO - Unit state selected: Meghalaya\n2026-04-16 12:25:55 - unit_Master - INFO - Clicked on element: ('xpath', "//mat-select[@id='unit_loc']")\n2026-04-16 12:25:55 - unit_Master - INFO - Element found: ('xpath', "//input[@aria-label='dropdown search']")\n2026-04-16 12:25:55 - unit_Master - INFO - Clicked on element: ('xpath', "//input[@id='unit_pincode']")\n2026-04-16 12:25:55 - unit_Master - INFO - Element found: ('xpath', "//input[@id='unit_pincode']")\n2026-04-16 12:25:56 - unit_Master - INFO - Entered text '558559' in element: ('xpath', "//input[@id='unit_pincode']")\n2026-04-16 12:25:56 - unit_Master - INFO - Element found: ('xpath', "//input[@id='mat-input-22']")\n2026-04-16 12:25:56 - unit_Master - INFO - Entered text '9876543210' in element: ('xpath', "//input[@id='mat-input-22']")\n2026-04-16 12:25:56 - unit_Master - INFO - Element found: ('xpath', "//input[@id='email_id']")\n2026-04-16 12:25:57 - unit_Master - INFO - Entered text 'vignesh.kv@aparajitha.com' in element: ('xpath', "//input[@id='email_id']")\n2026-04-16 12:25:57 - unit_Master - INFO - Element found: ('xpath', "//input[@id='nature_of_work']")\n2026-04-16 12:25:57 - unit_Master - INFO - Entered text 'IT Services' in element: ('xpath', "//input[@id='nature_of_work']")\n2026-04-16 12:25:57 - unit_Master - INFO - Clicked on element: ('xpath', "//mat-select[@id='industry_type']")\n2026-04-16 12:25:57 - unit_Master - INFO - Element found: ('xpath', "//input[@aria-label='dropdown search']")\n2026-04-16 12:25:58 - unit_Master - INFO - Entered text 'Factory' in element: ('xpath', "//input[@aria-label='dropdown search']")\n2026-04-16 12:25:58 - unit_Master - INFO - Element found: ('xpath', "//input[@aria-label='dropdown search']")
------------------------------ Captured log call ------------------------------
INFO     GRCLoginPage:grc_login_page.py:76 Login page loaded successfully\nINFO     GRCLoginPage:grc_login_page.py:685 Logging in with user: vignesh.kv@aparajitha.com\nINFO     GRCLoginPage:base_page.py:119 Clicked on element: ('xpath', "//button[normalize-space()='\u2715']")\nINFO     GRCLoginPage:grc_login_page.py:103 Closed initial popup before login\nINFO     GRCLoginPage:base_page.py:67 Element found: ('id', 'Username')\nINFO     GRCLoginPage:base_page.py:173 Entered text 'vignesh.kv@aparajitha.com' in element: ('id', 'Username')\nINFO     GRCLoginPage:base_page.py:67 Element found: ('id', 'password')\nINFO     GRCLoginPage:base_page.py:173 Entered text 'Admin@123' in element: ('id', 'password')\nINFO     GRCLoginPage:base_page.py:67 Element found: ('id', 'group_short_name')\nINFO     GRCLoginPage:base_page.py:173 Entered text 'MSO' in element: ('id', 'group_short_name')\nINFO     GRCLoginPage:grc_login_page.py:394 Using captcha element located by: ('xpath', "//input[@name='captcha']/ancestor::div[1]/following::canvas[1]")\nINFO     GRCLoginPage:grc_login_page.py:125 Captcha screenshot saved to: E:\\AutomationTask\\GRC Payroll\\reports\\captchas\\captcha.png\nINFO     GRCLoginPage:grc_login_page.py:161 OCR candidate [quick | --oem 3 --psm 8 -c tessedit_char_whitelist=0123456789ABCDEFGHIJKLMNOPQRSTUVWXYZabcdefghijklmnopqrstuvwxyz]: 'AT2BKa' (confidence=0.00, score=26.00)\nINFO     GRCLoginPage:grc_login_page.py:161 OCR candidate [quick | --oem 3 --psm 7 -c tessedit_char_whitelist=0123456789ABCDEFGHIJKLMNOPQRSTUVWXYZabcdefghijklmnopqrstuvwxyz]: '412HK4' (confidence=0.00, score=25.00)\nINFO     GRCLoginPage:grc_login_page.py:161 OCR candidate [processed | --oem 3 --psm 8 -c tessedit_char_whitelist=0123456789ABCDEFGHIJKLMNOPQRSTUVWXYZabcdefghijklmnopqrstuvwxyz]: 'ATZBKG' (confidence=0.00, score=26.00)\nINFO     GRCLoginPage:grc_login_page.py:224 OCR captcha text: 'AT2BKa'\nINFO     GRCLoginPage:grc_login_page.py:593 Saved captcha text: E:\\AutomationTask\\GRC Payroll\\reports\\captchas\\captcha_text_20260416_122341_273572.txt\nINFO     GRCLoginPage:grc_login_page.py:699 Submitting login attempt 1/5 with captcha.\nINFO     GRCLoginPage:grc_login_page.py:362 Entered captcha: 'AT2BKa'\nINFO     GRCLoginPage:base_page.py:67 Element found: ('xpath', "//button[@id='Sign In']")\nINFO     GRCLoginPage:base_page.py:119 Clicked on element: ('xpath', "//button[@id='Sign In']")\nWARNING  GRCLoginPage:grc_login_page.py:713 Invalid Captcha received on attempt 1/5. Capturing a new captcha and retrying.\nINFO     GRCLoginPage:grc_login_page.py:394 Using captcha element located by: ('xpath', "//input[@name='captcha']/ancestor::div[1]/following::canvas[1]")\nINFO     GRCLoginPage:grc_login_page.py:125 Captcha screenshot saved to: E:\\AutomationTask\\GRC Payroll\\reports\\captchas\\captcha.png\nINFO     GRCLoginPage:grc_login_page.py:161 OCR candidate [quick | --oem 3 --psm 8 -c tessedit_char_whitelist=0123456789ABCDEFGHIJKLMNOPQRSTUVWXYZabcdefghijklmnopqrstuvwxyz]: 'UTVASR' (confidence=0.00, score=26.00)\nINFO     GRCLoginPage:grc_login_page.py:161 OCR candidate [quick | --oem 3 --psm 7 -c tessedit_char_whitelist=0123456789ABCDEFGHIJKLMNOPQRSTUVWXYZabcdefghijklmnopqrstuvwxyz]: 'uiVISR' (confidence=69.00, score=95.00)\nINFO     GRCLoginPage:grc_login_page.py:179 OCR captcha text: 'uiVISR'\nINFO     GRCLoginPage:grc_login_page.py:593 Saved captcha text: E:\\AutomationTask\\GRC Payroll\\reports\\captchas\\captcha_text_20260416_122424_952977.txt\nINFO     GRCLoginPage:grc_login_page.py:699 Submitting login attempt 2/5 with captcha.\nINFO     GRCLoginPage:grc_login_page.py:362 Entered captcha: 'uiVISR'\nINFO     GRCLoginPage:base_page.py:67 Element found: ('xpath', "//button[@id='Sign In']")\nINFO     GRCLoginPage:base_page.py:119 Clicked on element: ('xpath', "//button[@id='Sign In']")\nWARNING  GRCLoginPage:grc_login_page.py:713 Invalid Captcha received on attempt 2/5. Capturing a new captcha and retrying.\nINFO     GRCLoginPage:grc_login_page.py:394 Using captcha element located by: ('xpath', "//input[@name='captcha']/ancestor::div[1]/following::canvas[1]")\nINFO     GRCLoginPage:grc_login_page.py:125 Captcha screenshot saved to: E:\\AutomationTask\\GRC Payroll\\reports\\captchas\\captcha.png\nINFO     GRCLoginPage:grc_login_page.py:161 OCR candidate [quick | --oem 3 --psm 8 -c tessedit_char_whitelist=0123456789ABCDEFGHIJKLMNOPQRSTUVWXYZabcdefghijklmnopqrstuvwxyz]: 'BMYC7B' (confidence=0.00, score=25.00)\nINFO     GRCLoginPage:grc_login_page.py:161 OCR candidate [quick | --oem 3 --psm 7 -c tessedit_char_whitelist=0123456789ABCDEFGHIJKLMNOPQRSTUVWXYZabcdefghijklmnopqrstuvwxyz]: 'BMYC7B' (confidence=0.00, score=25.00)\nINFO     GRCLoginPage:grc_login_page.py:161 OCR candidate [processed | --oem 3 --psm 8 -c tessedit_char_whitelist=0123456789ABCDEFGHIJKLMNOPQRSTUVWXYZabcdefghijklmnopqrstuvwxyz]: 'BMYeTB' (confidence=0.00, score=25.00)\nINFO     GRCLoginPage:grc_login_page.py:161 OCR candidate [processed | --oem 3 --psm 7 -c tessedit_char_whitelist=0123456789ABCDEFGHIJKLMNOPQRSTUVWXYZabcdefghijklmnopqrstuvwxyz]: 'BMYG7B' (confidence=0.00, score=25.00)\nINFO     GRCLoginPage:grc_login_page.py:224 OCR captcha text: 'BMYC7B'\nINFO     GRCLoginPage:grc_login_page.py:593 Saved captcha text: E:\\AutomationTask\\GRC Payroll\\reports\\captchas\\captcha_text_20260416_122508_654057.txt\nINFO     GRCLoginPage:grc_login_page.py:699 Submitting login attempt 3/5 with captcha.\nINFO     GRCLoginPage:grc_login_page.py:362 Entered captcha: 'BMYC7B'\nINFO     GRCLoginPage:base_page.py:67 Element found: ('xpath', "//button[@id='Sign In']")\nINFO     GRCLoginPage:base_page.py:119 Clicked on element: ('xpath', "//button[@id='Sign In']")\nINFO     GRCLoginPage:grc_login_page.py:726 Login action performed\nINFO     unit_Master:unit_master.py:105 CGM Executive Dashboard loaded successfully\nINFO     unit_Master:base_page.py:119 Clicked on element: ('xpath', "//button[.//mat-icon[text()='apps']]")\nINFO     unit_Master:base_page.py:119 Clicked on element: ('xpath', "//mat-card[span[text()='General Master-Executive']]")\nINFO     unit_Master:unit_master.py:139 Switched to new browser window/tab: 74915177E35EC7411D1729E90A187744\nINFO     unit_Master:unit_master.py:117 Switched to General Master-Executive tab and verified URL http://13.203.6.58:5002/#/home/welcome\nINFO     unit_Master:base_page.py:67 Element found: ('xpath', "//input[@placeholder='Search here...' and contains(@class,'mat-input-element')]")\nINFO     unit_Master:base_page.py:173 Entered text 'Microsoft Pure Value' in element: ('xpath', "//input[@placeholder='Search here...' and contains(@class,'mat-input-element')]")\nINFO     unit_Master:base_page.py:67 Element found: ('xpath', '//table//tbody//tr[1]//td')\nINFO     unit_Master:base_page.py:67 Element found: ('xpath', '//table//tbody//tr[1]//td')\nINFO     unit_Master:unit_master.py:176 Legal entity row selected successfully.\nINFO     unit_Master:base_page.py:67 Element found: ('xpath', "//button[contains(@class, 'mat-flat-button') and .//mat-icon[@data-mat-icon-name='plus']]")\nINFO     unit_Master:base_page.py:119 Clicked on element: ('xpath', "//button[contains(@class, 'mat-flat-button') and .//mat-icon[@data-mat-icon-name='plus']]")\nINFO     unit_Master:base_page.py:67 Element found: ('xpath', "//span[normalize-space()='General Master(s)']")\nINFO     unit_Master:base_page.py:119 Clicked on element: ('xpath', "//span[normalize-space()='General Master(s)']")\nINFO     unit_Master:unit_master.py:224 General Master menu expanded successfully.\nINFO     unit_Master:base_page.py:67 Element found: ('xpath', "//span[normalize-space()='General Master(s)']")\nINFO     unit_Master:base_page.py:119 Clicked on element: ('xpath', "//span[normalize-space()='General Master(s)']")\nWARNING  unit_Master:unit_master.py:228 General Master menu did not expand on attempt 1. Retrying with wrapper click.\nINFO     unit_Master:base_page.py:119 Clicked on element: ('xpath', "//span[normalize-space()='General Master(s)']/ancestor::div[contains(@class,'compfie-vertical-navigation-item-wrapper')][1]")\nINFO     unit_Master:unit_master.py:235 General Master menu expanded successfully using wrapper click.\nINFO     unit_Master:base_page.py:67 Element found: ('xpath', "//span[normalize-space()='Unit Creation']")\nINFO     unit_Master:base_page.py:119 Clicked on element: ('xpath', "//span[normalize-space()='Unit Creation']")\nINFO     unit_Master:base_page.py:119 Clicked on element: ('xpath', "//button[.//mat-icon[text()='add'] and .//span[contains(normalize-space(),'Add')]]")\nINFO     unit_Master:base_page.py:119 Clicked on element: ('xpath', "//mat-select[.//span[contains(text(),'Choose Business Group')]]")\nINFO     unit_Master:base_page.py:67 Element found: ('xpath', "//input[@aria-label='dropdown search']")\nINFO     unit_Master:base_page.py:173 Entered text 'Microsoft Bussiness Groups' in element: ('xpath', "//input[@aria-label='dropdown search']")\nINFO     unit_Master:base_page.py:67 Element found: ('xpath', "//input[@aria-label='dropdown search']")\nINFO     unit_Master:base_page.py:119 Clicked on element: ('xpath', "//mat-select[@id='country']")\nINFO     unit_Master:base_page.py:67 Element found: ('xpath', "//input[@type='text' and contains(@class,'mat-select-search-input')]")\nINFO     unit_Master:base_page.py:173 Entered text 'India' in element: ('xpath', "//input[@type='text' and contains(@class,'mat-select-search-input')]")\nINFO     unit_Master:base_page.py:67 Element found: ('xpath', "//input[@type='text' and contains(@class,'mat-select-search-input')]")\nINFO     unit_Master:base_page.py:119 Clicked on element: ('xpath', "//mat-select[@id='division']")\nINFO     unit_Master:base_page.py:67 Element found: ('xpath', "//input[@placeholder='Search...']")\nINFO     unit_Master:base_page.py:119 Clicked on element: ('xpath', "//mat-select[@id='category']")\nINFO     unit_Master:base_page.py:67 Element found: ('xpath', "//input[@aria-label='dropdown search']")\nINFO     unit_Master:base_page.py:278 Generated unit name: Nexus Works 471\nINFO     unit_Master:base_page.py:67 Element found: ('xpath', "//input[@id='unit_name']")\nINFO     unit_Master:base_page.py:173 Entered text 'Nexus Works 471' in element: ('xpath', "//input[@id='unit_name']")\nINFO     unit_Master:unit_master.py:282 Unit name entered: Nexus Works 471\nINFO     unit_Master:base_page.py:290 Generated unit code: MMB18\nINFO     unit_Master:base_page.py:67 Element found: ('xpath', "//input[@id='unit_code']")\nINFO     unit_Master:base_page.py:173 Entered text 'MMB18' in element: ('xpath', "//input[@id='unit_code']")\nINFO     unit_Master:unit_master.py:285 Unit code entered: MMB18\nINFO     unit_Master:base_page.py:304 Generated address: No. 835, Lake View Road, Kolkata, Telangana - 244059\nINFO     unit_Master:base_page.py:67 Element found: ('xpath', "//textarea[@id='unit_addr1']")\nINFO     unit_Master:base_page.py:173 Entered text 'No. 835, Lake View Road, Kolkata, Telangana - 244059' in element: ('xpath', "//textarea[@id='unit_addr1']")\nINFO     unit_Master:unit_master.py:288 Unit address entered: No. 835, Lake View Road, Kolkata, Telangana - 244059\nINFO     unit_Master:unit_master.py:205 Saved generated unit details to E:\\AutomationTask\\GRC Payroll\\config\\Unit_Master_Data.json: unit_name='Nexus Works 471', unit_code='MMB18', unit_address='No. 835, Lake View Road, Kolkata, Telangana - 244059'\nINFO     unit_Master:base_page.py:119 Clicked on element: ('xpath', "//mat-select[@id='unit_state']")\nINFO     unit_Master:base_page.py:67 Element found: ('xpath', "//input[@aria-label='dropdown search']")\nINFO     unit_Master:base_page.py:173 Entered text 'Meghalaya' in element: ('xpath', "//input[@aria-label='dropdown search']")\nINFO     unit_Master:base_page.py:119 Clicked on element: ('xpath', "(//mat-option[contains(@class,'mat-option')])[2]")\nINFO     unit_Master:unit_master.py:296 Unit state selected: Meghalaya\nINFO     unit_Master:base_page.py:119 Clicked on element: ('xpath', "//mat-select[@id='unit_loc']")\nINFO     unit_Master:base_page.py:67 Element found: ('xpath', "//input[@aria-label='dropdown search']")\nINFO     unit_Master:base_page.py:119 Clicked on element: ('xpath', "//input[@id='unit_pincode']")\nINFO     unit_Master:base_page.py:67 Element found: ('xpath', "//input[@id='unit_pincode']")\nINFO     unit_Master:base_page.py:173 Entered text '558559' in element: ('xpath', "//input[@id='unit_pincode']")\nINFO     unit_Master:base_page.py:67 Element found: ('xpath', "//input[@id='mat-input-22']")\nINFO     unit_Master:base_page.py:173 Entered text '9876543210' in element: ('xpath', "//input[@id='mat-input-22']")\nINFO     unit_Master:base_page.py:67 Element found: ('xpath', "//input[@id='email_id']")\nINFO     unit_Master:base_page.py:173 Entered text 'vignesh.kv@aparajitha.com' in element: ('xpath', "//input[@id='email_id']")\nINFO     unit_Master:base_page.py:67 Element found: ('xpath', "//input[@id='nature_of_work']")\nINFO     unit_Master:base_page.py:173 Entered text 'IT Services' in element: ('xpath', "//input[@id='nature_of_work']")\nINFO     unit_Master:base_page.py:119 Clicked on element: ('xpath', "//mat-select[@id='industry_type']")\nINFO     unit_Master:base_page.py:67 Element found: ('xpath', "//input[@aria-label='dropdown search']")\nINFO     unit_Master:base_page.py:173 Entered text 'Factory' in element: ('xpath', "//input[@aria-label='dropdown search']")\nINFO     unit_Master:base_page.py:67 Element found: ('xpath', "//input[@aria-label='dropdown search']")
-------------------------- Captured stdout teardown ---------------------------
2026-04-16 12:26:00 - tests.conftest - ERROR - Test failed: test_open_general_master_executive
2026-04-16 12:26:00 - tests.conftest - INFO - Screenshot saved: E:\AutomationTask\GRC Payroll\reports\screenshots\test_open_general_master_executive_20260416_122600.png
2026-04-16 12:26:00 - tests.conftest - INFO - Quitting WebDriver
2026-04-16 12:26:02 - tests.conftest - INFO - ================================================================================
2026-04-16 12:26:02 - tests.conftest - INFO - ================================================================================
2026-04-16 12:26:02 - tests.conftest - INFO - TEST SESSION COMPLETED
2026-04-16 12:26:02 - tests.conftest - INFO - ================================================================================
---------------------------- Captured log teardown ----------------------------
INFO     tests.conftest:conftest.py:26 Quitting WebDriver
INFO     tests.conftest:conftest.py:28 ================================================================================
INFO     tests.conftest:conftest.py:39 ================================================================================
INFO     tests.conftest:conftest.py:40 TEST SESSION COMPLETED
INFO     tests.conftest:conftest.py:41 ================================================================================
=========================== short test summary info ===========================
FAILED tests/test_cgm/test_unitMaster.py::test_open_general_master_executive
!!!!!!!!!!!!!!!!!!!!!!!!!! stopping after 1 failures !!!!!!!!!!!!!!!!!!!!!!!!!!
======================== 1 failed in 209.64s (0:03:29) ========================
